Arguments: 
  /usr/local/bin/node /opt/yarn-v1.5.1/bin/yarn.js install --non-interactive

PATH: 
  /code/frontend/node_modules/.bin:/usr/local/sbin:/usr/local/bin:/usr/sbin:/usr/bin:/sbin:/bin

Yarn version: 
  1.5.1

Node version: 
  9.11.2

Platform: 
  linux x64

npm manifest: 
  {
    "name": "dr-frontend",
    "version": "0.1.0",
    "private": true,
    "proxy": "http://localhost:8000",
    "dependencies": {
      "axios": "*",
      "react": "*",
      "react-ace": "*",
      "react-dom": "*",
      "react-router-dom": "*",
      "react-scripts": "*",
      "jquery":"*",
      "popper.js":"*",
      "bootstrap":"*",
      "reactstrap":"*"
    },
    "scripts": {
      "start": "react-scripts start",
      "build": "react-scripts build",
      "test": "react-scripts test --env=jsdom",
      "eject": "react-scripts eject"
    },
    "devDependencies": {
      "babel-preset-es2015": "*",
      "babel-preset-stage-3": "*"
    }
  }

yarn manifest: 
  No manifest

Lockfile: 
  

Trace: 
  Error: Found incompatible module
      at new MessageError (/opt/yarn-v1.5.1/lib/cli.js:186:110)
      at checkOne (/opt/yarn-v1.5.1/lib/cli.js:62444:11)
      at Object.check (/opt/yarn-v1.5.1/lib/cli.js:62463:5)
      at /opt/yarn-v1.5.1/lib/cli.js:22803:73
      at Generator.next (<anonymous>)
      at step (/opt/yarn-v1.5.1/lib/cli.js:98:30)
      at /opt/yarn-v1.5.1/lib/cli.js:109:13
      at <anonymous>
